<?xml version="1.0" encoding="UTF-8"?>
<!-- Generated by org.testng.reporters.JUnitXMLReporter -->
<testsuite ignored="15" hostname="24850-438349" failures="0" tests="1" name="Default test" time="10.289" errors="0" timestamp="2022-10-20T21:51:10 IST">
  <testcase classname="com.stctv.qa.testcases.LoginPageTest" name="validateLitePackagePriceForSAR" time="3.99"/>
  <testcase classname="com.stctv.qa.testcases.LoginPageTest" name="validateCountryKuwait" time="0.0">
    <ignored/>
  </testcase> <!-- validateCountryKuwait -->
  <testcase classname="com.stctv.qa.testcases.LoginPageTest" name="validateClassicPackagePriceForKWD" time="0.0">
    <ignored/>
  </testcase> <!-- validateClassicPackagePriceForKWD -->
  <testcase classname="com.stctv.qa.testcases.LoginPageTest" name="subscriptionTypeClassic" time="0.0">
    <ignored/>
  </testcase> <!-- subscriptionTypeClassic -->
  <testcase classname="com.stctv.qa.testcases.LoginPageTest" name="validateLitePackagePriceForBHD" time="0.0">
    <ignored/>
  </testcase> <!-- validateLitePackagePriceForBHD -->
  <testcase classname="com.stctv.qa.testcases.LoginPageTest" name="validatepremiumPackagePriceForKWD" time="0.0">
    <ignored/>
  </testcase> <!-- validatepremiumPackagePriceForKWD -->
  <testcase classname="com.stctv.qa.testcases.LoginPageTest" name="validateClassicPackagePriceForSAR" time="0.0">
    <ignored/>
  </testcase> <!-- validateClassicPackagePriceForSAR -->
  <testcase classname="com.stctv.qa.testcases.LoginPageTest" name="validatepremiumPackagePriceForBHD" time="0.0">
    <ignored/>
  </testcase> <!-- validatepremiumPackagePriceForBHD -->
  <testcase classname="com.stctv.qa.testcases.LoginPageTest" name="validateCountryBahrain" time="0.0">
    <ignored/>
  </testcase> <!-- validateCountryBahrain -->
  <testcase classname="com.stctv.qa.testcases.LoginPageTest" name="subscriptionTypeLite" time="0.0">
    <ignored/>
  </testcase> <!-- subscriptionTypeLite -->
  <testcase classname="com.stctv.qa.testcases.LoginPageTest" name="subscriptionTypePremium" time="0.0">
    <ignored/>
  </testcase> <!-- subscriptionTypePremium -->
  <testcase classname="com.stctv.qa.testcases.LoginPageTest" name="validateCountryKSA" time="0.0">
    <ignored/>
  </testcase> <!-- validateCountryKSA -->
  <testcase classname="com.stctv.qa.testcases.LoginPageTest" name="loginPageTitleTest" time="0.0">
    <ignored/>
  </testcase> <!-- loginPageTitleTest -->
  <testcase classname="com.stctv.qa.testcases.LoginPageTest" name="validateLitePackagePriceForKWD" time="0.0">
    <ignored/>
  </testcase> <!-- validateLitePackagePriceForKWD -->
  <testcase classname="com.stctv.qa.testcases.LoginPageTest" name="validatepremiumPackagePriceForSAR" time="0.0">
    <ignored/>
  </testcase> <!-- validatepremiumPackagePriceForSAR -->
  <testcase classname="com.stctv.qa.testcases.LoginPageTest" name="validateClassicPackagePriceForBHD" time="0.0">
    <ignored/>
  </testcase> <!-- validateClassicPackagePriceForBHD -->
</testsuite> <!-- Default test -->
