<?xml version="1.0" encoding="UTF-8"?>
<testng-results ignored="15" total="16" passed="1" failed="0" skipped="0">
  <reporter-output>
  </reporter-output>
  <suite started-at="2022-10-20T21:51:00 IST" name="Default suite" finished-at="2022-10-20T21:51:10 IST" duration-ms="10289">
    <groups>
    </groups>
    <test started-at="2022-10-20T21:51:00 IST" name="Default test" finished-at="2022-10-20T21:51:10 IST" duration-ms="10289">
      <class name="com.stctv.qa.testcases.LoginPageTest">
        <test-method is-config="true" signature="setUp()[pri:0, instance:com.stctv.qa.testcases.LoginPageTest@54bff557]" started-at="2022-10-20T21:51:00 IST" name="setUp" finished-at="2022-10-20T21:51:05 IST" duration-ms="5472" status="PASS">
          <reporter-output>
          </reporter-output>
        </test-method> <!-- setUp -->
        <test-method signature="validateLitePackagePriceForSAR()[pri:0, instance:com.stctv.qa.testcases.LoginPageTest@54bff557]" started-at="2022-10-20T21:51:05 IST" name="validateLitePackagePriceForSAR" finished-at="2022-10-20T21:51:09 IST" duration-ms="3990" status="PASS">
          <reporter-output>
          </reporter-output>
        </test-method> <!-- validateLitePackagePriceForSAR -->
        <test-method is-config="true" signature="tearDown()[pri:0, instance:com.stctv.qa.testcases.LoginPageTest@54bff557]" started-at="2022-10-20T21:51:09 IST" name="tearDown" finished-at="2022-10-20T21:51:10 IST" duration-ms="774" status="PASS">
          <reporter-output>
          </reporter-output>
        </test-method> <!-- tearDown -->
      </class> <!-- com.stctv.qa.testcases.LoginPageTest -->
    </test> <!-- Default test -->
  </suite> <!-- Default suite -->
</testng-results>
